<?xml version="1.0" encoding="UTF-8"?>
<!-- Generated by org.testng.reporters.JUnitReportReporter -->
<testsuite hostname="DESKTOP-2UU2DU2" failures="0" tests="3" name="com.maps.qa.testcases.LoginPageTest" time="14.840" errors="0" timestamp="2022-10-19T18:02:59 IST" skipped="0">
  <testcase classname="com.maps.qa.testcases.LoginPageTest" name="loginPageTitleTest" time="5.309"/>
  <system-out/>
  <testcase classname="com.maps.qa.testcases.LoginPageTest" name="mapsappLogoTest" time="4.400"/>
  <system-out/>
  <testcase classname="com.maps.qa.testcases.LoginPageTest" name="loginpage" time="5.131"/>
  <system-out/>
</testsuite> <!-- com.maps.qa.testcases.LoginPageTest -->
